<?xml version="1.0" encoding="UTF-8"?>
<testsuite name="com.chaffai.calculator.CalculatorTest" tests="1" skipped="0" failures="0" errors="0" timestamp="2023-11-29T08:42:49" hostname="master" time="0.105">
  <properties/>
  <testcase name="testSum()" classname="com.chaffai.calculator.CalculatorTest" time="0.105"/>
  <system-out><![CDATA[]]></system-out>
  <system-err><![CDATA[]]></system-err>
</testsuite>
